  [1m[36m (1.7ms)[0m  [1mCREATE TABLE "schema_migrations" ("version" varchar NOT NULL) [0m
  [1m[35m (0.1ms)[0m  select sqlite_version(*)
  [1m[36m (1.6ms)[0m  [1mCREATE UNIQUE INDEX "unique_schema_migrations" ON "schema_migrations" ("version")[0m
  [1m[35mActiveRecord::SchemaMigration Load (0.1ms)[0m  SELECT "schema_migrations".* FROM "schema_migrations"


Started GET "/" for ::1 at 2015-11-17 17:47:54 -0600
Processing by Rails::WelcomeController#index as HTML
  Rendered /Users/admin/.rvm/gems/ruby-2.1.2/gems/railties-4.2.3/lib/rails/templates/rails/welcome/index.html.erb (2.8ms)
Completed 200 OK in 27ms (Views: 19.4ms | ActiveRecord: 0.0ms)
  [1m[36mActiveRecord::SchemaMigration Load (0.1ms)[0m  [1mSELECT "schema_migrations".* FROM "schema_migrations"[0m
Migrating to CreateStudents (1)
  [1m[35m (0.1ms)[0m  begin transaction
  [1m[36m (0.4ms)[0m  [1mCREATE TABLE "students" ("id" INTEGER PRIMARY KEY AUTOINCREMENT NOT NULL, "first_name" varchar, "last_name" varchar, "created_at" datetime NOT NULL, "updated_at" datetime NOT NULL) [0m
  [1m[35mSQL (0.3ms)[0m  INSERT INTO "schema_migrations" ("version") VALUES (?)  [["version", "1"]]
  [1m[36m (1.4ms)[0m  [1mcommit transaction[0m
  [1m[35mActiveRecord::SchemaMigration Load (0.1ms)[0m  SELECT "schema_migrations".* FROM "schema_migrations"
  [1m[36m (0.1ms)[0m  [1mbegin transaction[0m
  [1m[35mSQL (0.3ms)[0m  INSERT INTO "students" ("first_name", "last_name", "created_at", "updated_at") VALUES (?, ?, ?, ?)  [["first_name", "Jordan"], ["last_name", "Hudgens"], ["created_at", "2015-11-18 00:10:55.545365"], ["updated_at", "2015-11-18 00:10:55.545365"]]
  [1m[36m (2.9ms)[0m  [1mcommit transaction[0m
  [1m[35mStudent Load (0.2ms)[0m  SELECT  "students".* FROM "students"  ORDER BY "students"."id" DESC LIMIT 1
  [1m[36m (0.1ms)[0m  [1mbegin transaction[0m
  [1m[35mSQL (0.3ms)[0m  INSERT INTO "students" ("created_at", "updated_at") VALUES (?, ?)  [["created_at", "2015-11-18 00:17:49.095449"], ["updated_at", "2015-11-18 00:17:49.095449"]]
  [1m[36m (1.2ms)[0m  [1mcommit transaction[0m
  [1m[35mStudent Load (0.2ms)[0m  SELECT  "students".* FROM "students"  ORDER BY "students"."id" DESC LIMIT 1
  [1m[36mActiveRecord::SchemaMigration Load (0.1ms)[0m  [1mSELECT "schema_migrations".* FROM "schema_migrations"[0m
  [1m[35mActiveRecord::SchemaMigration Load (0.1ms)[0m  SELECT "schema_migrations".* FROM "schema_migrations"


Started GET "/" for ::1 at 2015-11-18 13:36:42 -0600
  [1m[36mActiveRecord::SchemaMigration Load (0.1ms)[0m  [1mSELECT "schema_migrations".* FROM "schema_migrations"[0m
Processing by Rails::WelcomeController#index as HTML
  Rendered /Users/admin/.rvm/gems/ruby-2.1.2/gems/railties-4.2.3/lib/rails/templates/rails/welcome/index.html.erb (2.4ms)
Completed 200 OK in 39ms (Views: 24.5ms | ActiveRecord: 0.0ms)


Started GET "/" for ::1 at 2015-11-18 13:37:10 -0600
Processing by Rails::WelcomeController#index as HTML
  Rendered /Users/admin/.rvm/gems/ruby-2.1.2/gems/railties-4.2.3/lib/rails/templates/rails/welcome/index.html.erb (0.0ms)
Completed 200 OK in 1ms (Views: 0.7ms | ActiveRecord: 0.0ms)
  [1m[36mActiveRecord::SchemaMigration Load (0.5ms)[0m  [1mSELECT "schema_migrations".* FROM "schema_migrations"[0m
  [1m[35mActiveRecord::SchemaMigration Load (0.1ms)[0m  SELECT "schema_migrations".* FROM "schema_migrations"
  [1m[36mStudent Load (0.4ms)[0m  [1mSELECT  "students".* FROM "students"  ORDER BY "students"."id" DESC LIMIT 1[0m
  [1m[35mStudent Load (0.2ms)[0m  SELECT  "students".* FROM "students"  ORDER BY "students"."id" DESC LIMIT 1
  [1m[36m (0.1ms)[0m  [1mbegin transaction[0m
  [1m[35mSQL (0.6ms)[0m  DELETE FROM "students" WHERE "students"."id" = ?  [["id", 2]]
  [1m[36m (1.6ms)[0m  [1mcommit transaction[0m
  [1m[35mStudent Load (0.2ms)[0m  SELECT "students".* FROM "students"
  [1m[35m (8.5ms)[0m  [1m[35mCREATE TABLE "ar_internal_metadata" ("key" varchar NOT NULL PRIMARY KEY, "value" varchar, "created_at" datetime NOT NULL, "updated_at" datetime NOT NULL)[0m
  [1m[36mActiveRecord::SchemaMigration Load (0.1ms)[0m  [1m[34mSELECT "schema_migrations".* FROM "schema_migrations"[0m
Migrating to CreateSchoolClasses (20210216213159)
  [1m[35m (0.0ms)[0m  [1m[36mbegin transaction[0m
  [1m[35m (0.1ms)[0m  [1m[35mCREATE TABLE "school_classes" ("id" INTEGER PRIMARY KEY AUTOINCREMENT NOT NULL, "title" varchar, "room_number" integer, "created_at" datetime NOT NULL, "updated_at" datetime NOT NULL)[0m
  [1m[35mSQL (0.1ms)[0m  [1m[32mINSERT INTO "schema_migrations" ("version") VALUES (?)[0m  [["version", "20210216213159"]]
  [1m[35m (3.2ms)[0m  [1m[36mcommit transaction[0m
  [1m[36mActiveRecord::InternalMetadata Load (0.1ms)[0m  [1m[34mSELECT  "ar_internal_metadata".* FROM "ar_internal_metadata" WHERE "ar_internal_metadata"."key" = ? LIMIT ?[0m  [["key", "environment"], ["LIMIT", 1]]
  [1m[35m (0.0ms)[0m  [1m[36mbegin transaction[0m
  [1m[35mSQL (0.1ms)[0m  [1m[32mINSERT INTO "ar_internal_metadata" ("key", "value", "created_at", "updated_at") VALUES (?, ?, ?, ?)[0m  [["key", "environment"], ["value", "development"], ["created_at", "2021-02-16 21:32:46.479894"], ["updated_at", "2021-02-16 21:32:46.479894"]]
  [1m[35m (2.4ms)[0m  [1m[36mcommit transaction[0m
  [1m[36mActiveRecord::SchemaMigration Load (0.1ms)[0m  [1m[34mSELECT "schema_migrations".* FROM "schema_migrations"[0m
  [1m[36mActiveRecord::SchemaMigration Load (0.1ms)[0m  [1m[34mSELECT "schema_migrations".* FROM "schema_migrations"[0m
  [1m[36mActiveRecord::InternalMetadata Load (0.1ms)[0m  [1m[34mSELECT  "ar_internal_metadata".* FROM "ar_internal_metadata" WHERE "ar_internal_metadata"."key" = ? LIMIT ?[0m  [["key", "environment"], ["LIMIT", 1]]
  [1m[35m (0.1ms)[0m  [1m[36mbegin transaction[0m
  [1m[35m (0.0ms)[0m  [1m[36mcommit transaction[0m
  [1m[36mActiveRecord::SchemaMigration Load (0.0ms)[0m  [1m[34mSELECT "schema_migrations".* FROM "schema_migrations"[0m
Started GET "/school_class/new" for ::1 at 2021-02-16 15:39:39 -0600
  [1m[36mActiveRecord::SchemaMigration Load (0.1ms)[0m  [1m[34mSELECT "schema_migrations".* FROM "schema_migrations"[0m
  
ActionController::RoutingError (No route matches [GET] "/school_class/new"):
  
actionpack (5.0.7.1) lib/action_dispatch/middleware/debug_exceptions.rb:53:in `call'
actionpack (5.0.7.1) lib/action_dispatch/middleware/show_exceptions.rb:31:in `call'
railties (5.0.7.1) lib/rails/rack/logger.rb:36:in `call_app'
railties (5.0.7.1) lib/rails/rack/logger.rb:24:in `block in call'
activesupport (5.0.7.1) lib/active_support/tagged_logging.rb:69:in `block in tagged'
activesupport (5.0.7.1) lib/active_support/tagged_logging.rb:26:in `tagged'
activesupport (5.0.7.1) lib/active_support/tagged_logging.rb:69:in `tagged'
railties (5.0.7.1) lib/rails/rack/logger.rb:24:in `call'
sprockets-rails (3.2.1) lib/sprockets/rails/quiet_assets.rb:13:in `call'
actionpack (5.0.7.1) lib/action_dispatch/middleware/request_id.rb:24:in `call'
rack (2.2.3) lib/rack/method_override.rb:24:in `call'
rack (2.2.3) lib/rack/runtime.rb:22:in `call'
activesupport (5.0.7.1) lib/active_support/cache/strategy/local_cache_middleware.rb:28:in `call'
actionpack (5.0.7.1) lib/action_dispatch/middleware/executor.rb:12:in `call'
actionpack (5.0.7.1) lib/action_dispatch/middleware/static.rb:136:in `call'
rack (2.2.3) lib/rack/sendfile.rb:110:in `call'
railties (5.0.7.1) lib/rails/engine.rb:522:in `call'
rack (2.2.3) lib/rack/handler/webrick.rb:95:in `service'
/home/arcline/.rbenv/versions/2.6.1/lib/ruby/2.6.0/webrick/httpserver.rb:140:in `service'
/home/arcline/.rbenv/versions/2.6.1/lib/ruby/2.6.0/webrick/httpserver.rb:96:in `run'
/home/arcline/.rbenv/versions/2.6.1/lib/ruby/2.6.0/webrick/server.rb:307:in `block in start_thread'
  Rendering /home/arcline/.rbenv/versions/2.6.1/lib/ruby/gems/2.6.0/gems/actionpack-5.0.7.1/lib/action_dispatch/middleware/templates/rescues/routing_error.html.erb within rescues/layout
  Rendering /home/arcline/.rbenv/versions/2.6.1/lib/ruby/gems/2.6.0/gems/actionpack-5.0.7.1/lib/action_dispatch/middleware/templates/rescues/_trace.html.erb
  Rendered /home/arcline/.rbenv/versions/2.6.1/lib/ruby/gems/2.6.0/gems/actionpack-5.0.7.1/lib/action_dispatch/middleware/templates/rescues/_trace.html.erb (0.5ms)
  Rendered collection of /home/arcline/.rbenv/versions/2.6.1/lib/ruby/gems/2.6.0/gems/actionpack-5.0.7.1/lib/action_dispatch/middleware/templates/routes/_route.html.erb [8 times] (2.2ms)
  Rendered /home/arcline/.rbenv/versions/2.6.1/lib/ruby/gems/2.6.0/gems/actionpack-5.0.7.1/lib/action_dispatch/middleware/templates/routes/_table.html.erb (3.6ms)
  Rendering /home/arcline/.rbenv/versions/2.6.1/lib/ruby/gems/2.6.0/gems/actionpack-5.0.7.1/lib/action_dispatch/middleware/templates/rescues/_request_and_response.html.erb
  Rendered /home/arcline/.rbenv/versions/2.6.1/lib/ruby/gems/2.6.0/gems/actionpack-5.0.7.1/lib/action_dispatch/middleware/templates/rescues/_request_and_response.html.erb (3.2ms)
  Rendered /home/arcline/.rbenv/versions/2.6.1/lib/ruby/gems/2.6.0/gems/actionpack-5.0.7.1/lib/action_dispatch/middleware/templates/rescues/routing_error.html.erb within rescues/layout (19.3ms)
Started GET "/school_classes/new" for ::1 at 2021-02-16 15:39:43 -0600
Processing by SchoolClassesController#new as HTML
  Rendering school_classes/new.html.erb within layouts/application
  Rendered school_classes/_form.html.erb (7.9ms)
  Rendered school_classes/new.html.erb within layouts/application (8.6ms)
Completed 200 OK in 251ms (Views: 245.6ms | ActiveRecord: 0.4ms)


Started POST "/school_classes" for ::1 at 2021-02-16 15:39:56 -0600
Processing by SchoolClassesController#create as HTML
  Parameters: {"utf8"=>"✓", "authenticity_token"=>"VfnVwc3vBh7v8EIHW8xQiJpS1UMcxtttM3uX0HkuqwXvAWaBmv535k3hddlXm3gECu+qXMkfUdSyULabphdzzA==", "school_class"=>{"title"=>"Learn to Stink", "room_number"=>"69"}, "commit"=>"Create School class"}
  [1m[35m (0.2ms)[0m  [1m[36mbegin transaction[0m
  [1m[35mSQL (0.2ms)[0m  [1m[32mINSERT INTO "school_classes" ("title", "room_number", "created_at", "updated_at") VALUES (?, ?, ?, ?)[0m  [["title", "Learn to Stink"], ["room_number", 69], ["created_at", "2021-02-16 21:39:56.096180"], ["updated_at", "2021-02-16 21:39:56.096180"]]
  [1m[35m (2.9ms)[0m  [1m[36mcommit transaction[0m
Redirected to http://localhost:3000/school_classes/1
Completed 302 Found in 5ms (ActiveRecord: 3.2ms)


Started GET "/school_classes/1" for ::1 at 2021-02-16 15:39:56 -0600
Processing by SchoolClassesController#show as HTML
  Parameters: {"id"=>"1"}
  [1m[36mSchoolClass Load (0.2ms)[0m  [1m[34mSELECT  "school_classes".* FROM "school_classes" WHERE "school_classes"."id" = ? LIMIT ?[0m  [["id", 1], ["LIMIT", 1]]
  Rendering school_classes/show.html.erb within layouts/application
  Rendered school_classes/show.html.erb within layouts/application (0.6ms)
Completed 200 OK in 10ms (Views: 7.8ms | ActiveRecord: 0.2ms)


Started GET "/students/new" for ::1 at 2021-02-16 15:45:28 -0600
Processing by StudentsController#new as HTML
  Rendering students/new.html.erb within layouts/application
  Rendered students/_form.html.erb (1.5ms)
  Rendered students/new.html.erb within layouts/application (2.4ms)
Completed 200 OK in 22ms (Views: 15.3ms | ActiveRecord: 0.7ms)


Started GET "/students/new" for ::1 at 2021-02-16 15:45:36 -0600
  [1m[36mActiveRecord::SchemaMigration Load (0.1ms)[0m  [1m[34mSELECT "schema_migrations".* FROM "schema_migrations"[0m
Processing by StudentsController#new as HTML
  Rendering students/new.html.erb within layouts/application
  Rendered students/_form.html.erb (9.2ms)
  Rendered students/new.html.erb within layouts/application (11.5ms)
Completed 200 OK in 142ms (Views: 129.8ms | ActiveRecord: 0.3ms)


Started GET "/students/new" for ::1 at 2021-02-16 15:48:33 -0600
Processing by StudentsController#new as HTML
  Rendering students/new.html.erb within layouts/application
  Rendered students/_form.html.erb (0.7ms)
  Rendered students/new.html.erb within layouts/application (1.1ms)
Completed 200 OK in 10ms (Views: 7.1ms | ActiveRecord: 0.3ms)


Started GET "/students/new" for ::1 at 2021-02-16 15:49:11 -0600
Processing by StudentsController#new as HTML
  Rendering students/new.html.erb within layouts/application
  Rendered students/_form.html.erb (1.1ms)
  Rendered students/new.html.erb within layouts/application (1.6ms)
Completed 200 OK in 15ms (Views: 10.5ms | ActiveRecord: 0.6ms)


Started GET "/students/new" for ::1 at 2021-02-16 15:50:03 -0600
Processing by StudentsController#new as HTML
  Rendering students/new.html.erb within layouts/application
  Rendered students/_form.html.erb (1.0ms)
  Rendered students/new.html.erb within layouts/application (1.8ms)
Completed 200 OK in 13ms (Views: 12.1ms | ActiveRecord: 0.0ms)


Started GET "/students/new" for ::1 at 2021-02-16 15:50:04 -0600
Processing by StudentsController#new as HTML
  Rendering students/new.html.erb within layouts/application
  Rendered students/_form.html.erb (1.2ms)
  Rendered students/new.html.erb within layouts/application (2.0ms)
Completed 200 OK in 14ms (Views: 13.4ms | ActiveRecord: 0.0ms)


Started GET "/students/new" for ::1 at 2021-02-16 15:50:04 -0600
Processing by StudentsController#new as HTML
  Rendering students/new.html.erb within layouts/application
  Rendered students/_form.html.erb (0.9ms)
  Rendered students/new.html.erb within layouts/application (1.5ms)
Completed 200 OK in 11ms (Views: 10.2ms | ActiveRecord: 0.0ms)


Started GET "/students/new" for ::1 at 2021-02-16 15:51:05 -0600
  [1m[36mActiveRecord::SchemaMigration Load (0.1ms)[0m  [1m[34mSELECT "schema_migrations".* FROM "schema_migrations"[0m
Processing by StudentsController#new as HTML
  Rendering students/new.html.erb within layouts/application
  Rendered students/_form.html.erb (3.7ms)
  Rendered students/new.html.erb within layouts/application (4.8ms)
Completed 200 OK in 122ms (Views: 116.8ms | ActiveRecord: 0.2ms)


Started GET "/students/new" for ::1 at 2021-02-16 15:52:35 -0600
Processing by StudentsController#new as HTML
  Rendering students/new.html.erb within layouts/application
  Rendered students/new.html.erb within layouts/application (0.7ms)
Completed 200 OK in 21ms (Views: 20.1ms | ActiveRecord: 0.0ms)


Started GET "/students/new" for ::1 at 2021-02-16 15:53:15 -0600
Processing by StudentsController#new as HTML
  Rendering students/new.html.erb within layouts/application
  Rendered students/new.html.erb within layouts/application (11.7ms)
Completed 200 OK in 38ms (Views: 36.6ms | ActiveRecord: 0.0ms)


Started GET "/school_classes/new" for ::1 at 2021-02-16 15:54:01 -0600
Processing by SchoolClassesController#new as HTML
  Rendering school_classes/new.html.erb within layouts/application
  Rendered school_classes/_form.html.erb (1.7ms)
  Rendered school_classes/new.html.erb within layouts/application (2.1ms)
Completed 200 OK in 20ms (Views: 15.6ms | ActiveRecord: 0.4ms)


Started GET "/students/new" for ::1 at 2021-02-16 15:54:14 -0600
Processing by StudentsController#new as HTML
  Rendering students/new.html.erb within layouts/application
  Rendered students/new.html.erb within layouts/application (3.2ms)
Completed 200 OK in 41ms (Views: 40.1ms | ActiveRecord: 0.0ms)


Started GET "/students/new" for ::1 at 2021-02-16 15:54:41 -0600
Processing by StudentsController#new as HTML
  Rendering students/new.html.erb within layouts/application
  Rendered students/new.html.erb within layouts/application (4.9ms)
Completed 200 OK in 19ms (Views: 17.9ms | ActiveRecord: 0.0ms)


Started POST "/students" for ::1 at 2021-02-16 15:54:54 -0600
Processing by StudentsController#create as HTML
  Parameters: {"utf8"=>"✓", "authenticity_token"=>"bStyi6PgFccMlQ9Gn0t9VKUVqlEWbbIdrrEMPSD2qxTX08HL9PFkP66EOJiTHFXYNajVTsO0OKQvmi12/89z3Q==", "student"=>{"first_name"=>"Stink", "last_name"=>"Stonk"}, "commit"=>"Create Student"}
  [1m[35m (0.1ms)[0m  [1m[36mbegin transaction[0m
  [1m[35mSQL (0.2ms)[0m  [1m[32mINSERT INTO "students" ("first_name", "last_name", "created_at", "updated_at") VALUES (?, ?, ?, ?)[0m  [["first_name", "Stink"], ["last_name", "Stonk"], ["created_at", "2021-02-16 21:54:54.983250"], ["updated_at", "2021-02-16 21:54:54.983250"]]
  [1m[35m (2.9ms)[0m  [1m[36mcommit transaction[0m
Redirected to http://localhost:3000/students/3
Completed 302 Found in 6ms (ActiveRecord: 3.2ms)


Started GET "/students/3" for ::1 at 2021-02-16 15:54:54 -0600
Processing by StudentsController#show as HTML
  Parameters: {"id"=>"3"}
  [1m[36mStudent Load (0.2ms)[0m  [1m[34mSELECT  "students".* FROM "students" WHERE "students"."id" = ? LIMIT ?[0m  [["id", 3], ["LIMIT", 1]]
  Rendering students/show.html.erb within layouts/application
  Rendered students/show.html.erb within layouts/application (0.6ms)
Completed 200 OK in 16ms (Views: 13.0ms | ActiveRecord: 0.2ms)


Started GET "/students/3" for ::1 at 2021-02-16 15:55:24 -0600
Processing by StudentsController#show as HTML
  Parameters: {"id"=>"3"}
  [1m[36mStudent Load (0.1ms)[0m  [1m[34mSELECT  "students".* FROM "students" WHERE "students"."id" = ? LIMIT ?[0m  [["id", 3], ["LIMIT", 1]]
  Rendering students/show.html.erb within layouts/application
  Rendered students/show.html.erb within layouts/application (0.5ms)
Completed 200 OK in 11ms (Views: 9.6ms | ActiveRecord: 0.1ms)


Started GET "/students" for ::1 at 2021-02-16 15:55:31 -0600
Processing by StudentsController#index as HTML
  Rendering students/index.html.erb within layouts/application
  [1m[36mStudent Load (0.2ms)[0m  [1m[34mSELECT "students".* FROM "students"[0m
  Rendered students/index.html.erb within layouts/application (1.5ms)
Completed 200 OK in 10ms (Views: 9.5ms | ActiveRecord: 0.2ms)


Started GET "/students" for ::1 at 2021-02-16 15:56:11 -0600
Processing by StudentsController#index as HTML
  Rendering students/index.html.erb within layouts/application
  [1m[36mStudent Load (0.2ms)[0m  [1m[34mSELECT "students".* FROM "students"[0m
  Rendered students/index.html.erb within layouts/application (1.6ms)
Completed 200 OK in 15ms (Views: 13.6ms | ActiveRecord: 0.2ms)


Started GET "/students/1/edit" for ::1 at 2021-02-16 15:56:49 -0600
Processing by StudentsController#edit as HTML
  Parameters: {"id"=>"1"}
  [1m[36mStudent Load (0.1ms)[0m  [1m[34mSELECT  "students".* FROM "students" WHERE "students"."id" = ? LIMIT ?[0m  [["id", 1], ["LIMIT", 1]]
  Rendering students/edit.html.erb within layouts/application
  Rendered students/edit.html.erb within layouts/application (1.5ms)
Completed 200 OK in 10ms (Views: 8.6ms | ActiveRecord: 0.1ms)


Started PATCH "/students/1" for ::1 at 2021-02-16 15:56:52 -0600
Processing by StudentsController#update as HTML
  Parameters: {"utf8"=>"✓", "authenticity_token"=>"k1jmBtzMfF2qmttno57G2gDrBdNIXUwtWOdow0/JXVEpoFVGi90NpQiL7Lmvye5WkFZ6zJ2ExpTZzEmIkPCFmA==", "student"=>{"first_name"=>"Jordan", "last_name"=>"Hudgens"}, "commit"=>"Update Student", "id"=>"1"}
  [1m[36mStudent Load (0.1ms)[0m  [1m[34mSELECT  "students".* FROM "students" WHERE "students"."id" = ? LIMIT ?[0m  [["id", 1], ["LIMIT", 1]]
  [1m[35m (0.0ms)[0m  [1m[36mbegin transaction[0m
  [1m[35m (0.0ms)[0m  [1m[36mcommit transaction[0m
Redirected to http://localhost:3000/students/1
Completed 302 Found in 2ms (ActiveRecord: 0.2ms)


Started GET "/students/1" for ::1 at 2021-02-16 15:56:52 -0600
Processing by StudentsController#show as HTML
  Parameters: {"id"=>"1"}
  [1m[36mStudent Load (0.1ms)[0m  [1m[34mSELECT  "students".* FROM "students" WHERE "students"."id" = ? LIMIT ?[0m  [["id", 1], ["LIMIT", 1]]
  Rendering students/show.html.erb within layouts/application
  Rendered students/show.html.erb within layouts/application (0.4ms)
Completed 200 OK in 7ms (Views: 6.2ms | ActiveRecord: 0.1ms)


